\BOOKMARK [1][-]{section.1}{\376\377\000G\000N\000N\000\040\000E\000x\000p\000r\000e\000s\000s\000i\000v\000e\000n\000e\000s\000s\000\040\000\050\0002\0008\000\040\000p\000o\000i\000n\000t\000s\000\051}{}% 1
\BOOKMARK [2][-]{subsection.1.1}{\376\377\000E\000f\000f\000e\000c\000t\000\040\000o\000f\000\040\000D\000e\000p\000t\000h\000\040\000o\000n\000\040\000E\000x\000p\000r\000e\000s\000s\000i\000v\000e\000n\000e\000s\000s\000\040\000\050\0004\000\040\000p\000o\000i\000n\000t\000s\000\051}{section.1}% 2
\BOOKMARK [2][-]{subsection.1.2}{\376\377\000R\000a\000n\000d\000o\000m\000\040\000W\000a\000l\000k\000\040\000M\000a\000t\000r\000i\000x\000\040\000\050\0004\000\040\000p\000o\000i\000n\000t\000s\000\051}{section.1}% 3
\BOOKMARK [2][-]{subsection.1.3}{\376\377\000R\000e\000l\000a\000t\000i\000o\000n\000\040\000t\000o\000\040\000R\000a\000n\000d\000o\000m\000\040\000W\000a\000l\000k\000\040\000\050\000i\000\051\000\040\000\050\0004\000\040\000p\000o\000i\000n\000t\000s\000\051}{section.1}% 4
\BOOKMARK [2][-]{subsection.1.4}{\376\377\000R\000e\000l\000a\000t\000i\000o\000n\000\040\000t\000o\000\040\000R\000a\000n\000d\000o\000m\000\040\000W\000a\000l\000k\000\040\000\050\000i\000i\000\051\000\040\000\050\0004\000\040\000p\000o\000i\000n\000t\000s\000\051}{section.1}% 5
\BOOKMARK [2][-]{subsection.1.5}{\376\377\000O\000v\000e\000r\000-\000S\000m\000o\000o\000t\000h\000i\000n\000g\000\040\000E\000f\000f\000e\000c\000t\000\040\000\050\0005\000\040\000p\000o\000i\000n\000t\000s\000\051}{section.1}% 6
\BOOKMARK [2][-]{subsection.1.6}{\376\377\000L\000e\000a\000r\000n\000i\000n\000g\000\040\000B\000F\000S\000\040\000w\000i\000t\000h\000\040\000G\000N\000N\000\040\000\050\0007\000\040\000p\000o\000i\000n\000t\000s\000\051}{section.1}% 7
\BOOKMARK [1][-]{section.2}{\376\377\000N\000o\000d\000e\000\040\000E\000m\000b\000e\000d\000d\000i\000n\000g\000\040\000a\000n\000d\000\040\000i\000t\000s\000\040\000R\000e\000l\000a\000t\000i\000o\000n\000\040\000t\000o\000\040\000M\000a\000t\000r\000i\000x\000\040\000F\000a\000c\000t\000o\000r\000i\000z\000a\000t\000i\000o\000n\000\040\000\050\0002\0004\000\040\000p\000o\000i\000n\000t\000s\000\051}{}% 8
\BOOKMARK [2][-]{subsection.2.1}{\376\377\000S\000i\000m\000p\000l\000e\000\040\000m\000a\000t\000r\000i\000x\000\040\000f\000a\000c\000t\000o\000r\000i\000z\000a\000t\000i\000o\000n\000\040\000\050\0003\000\040\000p\000o\000i\000n\000t\000s\000\051}{section.2}% 9
\BOOKMARK [2][-]{subsection.2.2}{\376\377\000A\000l\000t\000e\000r\000n\000a\000t\000e\000\040\000m\000a\000t\000r\000i\000x\000\040\000f\000a\000c\000t\000o\000r\000i\000z\000a\000t\000i\000o\000n\000\040\000\050\0003\000\040\000p\000o\000i\000n\000t\000s\000\051}{section.2}% 10
\BOOKMARK [2][-]{subsection.2.3}{\376\377\000B\000O\000N\000U\000S\000:\000\040\000R\000e\000l\000a\000t\000i\000o\000n\000\040\000t\000o\000\040\000e\000i\000g\000e\000n\000-\000d\000e\000c\000o\000m\000p\000o\000s\000i\000t\000i\000o\000n\000\040\000\050\0003\000\040\000p\000o\000i\000n\000t\000s\000\051}{section.2}% 11
\BOOKMARK [2][-]{subsection.2.4}{\376\377\000M\000u\000l\000t\000i\000-\000h\000o\000p\000\040\000n\000o\000d\000e\000\040\000s\000i\000m\000i\000l\000a\000r\000i\000t\000y\000\040\000\050\0003\000\040\000p\000o\000i\000n\000t\000s\000\051}{section.2}% 12
\BOOKMARK [2][-]{subsection.2.5}{\376\377\000n\000o\000d\000e\0002\000v\000e\000c\000\040\000\046\000\040\000s\000t\000r\000u\000c\000t\0002\000v\000e\000c\000\040\000\050\000i\000\051\000\040\000\050\0003\000\040\000p\000o\000i\000n\000t\000s\000\051}{section.2}% 13
\BOOKMARK [2][-]{subsection.2.6}{\376\377\000\040\000n\000o\000d\000e\0002\000v\000e\000c\000\040\000\046\000\040\000s\000t\000r\000u\000c\000t\0002\000v\000e\000c\000\040\000\050\000i\000i\000\051\000\040\000\050\0003\000\040\000p\000o\000i\000n\000t\000s\000\051}{section.2}% 14
\BOOKMARK [2][-]{subsection.2.7}{\376\377\000n\000o\000d\000e\0002\000v\000e\000c\000\040\000\046\000\040\000s\000t\000r\000u\000c\000t\0002\000v\000e\000c\000\040\000\050\000i\000i\000i\000\051\000\040\000\050\0003\000\040\000p\000o\000i\000n\000t\000s\000\051}{section.2}% 15
\BOOKMARK [2][-]{subsection.2.8}{\376\377\000n\000o\000d\000e\0002\000v\000e\000c\000\040\000\046\000\040\000s\000t\000r\000u\000c\000t\0002\000v\000e\000c\000\040\000\050\000i\000v\000\051\000\040\000\050\0003\000\040\000p\000o\000i\000n\000t\000s\000\051}{section.2}% 16
\BOOKMARK [1][-]{section.3}{\376\377\000G\000C\000N\000\040\000\050\0001\0001\000\040\000p\000o\000i\000n\000t\000s\000\051}{}% 17
\BOOKMARK [2][-]{subsection.3.1}{\376\377\000I\000s\000o\000m\000o\000r\000p\000h\000i\000s\000m\000\040\000C\000h\000e\000c\000k\000\040\000\050\0002\000\040\000p\000o\000i\000n\000t\000s\000\051}{section.3}% 18
\BOOKMARK [2][-]{subsection.3.2}{\376\377\000A\000g\000g\000r\000e\000g\000a\000t\000i\000o\000n\000\040\000C\000h\000o\000i\000c\000e\000\040\000\050\0003\000\040\000p\000o\000i\000n\000t\000s\000\051}{section.3}% 19
\BOOKMARK [2][-]{subsection.3.3}{\376\377\000W\000e\000i\000s\000f\000e\000i\000l\000e\000r\000-\000L\000e\000h\000m\000a\000n\000\040\000T\000e\000s\000t\000\040\000\050\0006\000\040\000p\000o\000i\000n\000t\000s\000\051}{section.3}% 20
